2021-06-29 21:00:31,878 DEBUG [TestNG-tests-1] Flipkart logger:31 - Loggin to Flipkart
2021-06-29 21:00:34,348 DEBUG [TestNG-tests-1] Flipkart logger:29 - Searching Item
2021-06-29 21:00:56,935 DEBUG [TestNG-tests-1] Flipkart logger:31 - Loggin to Flipkart
2021-06-29 21:00:57,828 DEBUG [TestNG-tests-1] Flipkart logger:23 - Validating UserName
2021-06-29 21:01:13,233 DEBUG [TestNG-tests-1] Flipkart logger:29 - Validate Title
2021-06-29 21:01:13,234 DEBUG [TestNG-tests-1] Flipkart logger:24 - Validating Title in LoginPage
2021-06-29 21:01:25,829 DEBUG [TestNG-tests-1] Flipkart logger:31 - Loggin to Flipkart
2021-06-29 21:01:26,673 DEBUG [TestNG-tests-1] Flipkart logger:29 - Searching Item
2021-06-29 21:02:10,555 DEBUG [TestNG-tests-1] Flipkart logger:31 - Loggin to Flipkart
2021-06-29 21:02:11,612 DEBUG [TestNG-tests-1] Flipkart logger:29 - Searching Item
2021-06-29 21:02:32,511 DEBUG [TestNG-tests-1] Flipkart logger:37 - Login
2021-06-29 21:02:32,512 DEBUG [TestNG-tests-1] Flipkart logger:31 - Loggin to Flipkart
2021-06-29 21:02:50,770 DEBUG [TestNG-tests-1] Flipkart logger:31 - Loggin to Flipkart
2021-06-29 21:02:51,715 DEBUG [TestNG-tests-1] Flipkart logger:29 - Searching Item
2021-06-29 21:03:25,656 DEBUG [TestNG-tests-1] cache:45 - Couldn't find template in cache for "index.ftl"("en", UTF-8, parsed); will try to load it.
2021-06-29 21:03:25,658 DEBUG [TestNG-tests-1] cache:45 - TemplateLoader.findTemplateSource("index_en.ftl"): Not found
2021-06-29 21:03:25,663 DEBUG [TestNG-tests-1] cache:45 - TemplateLoader.findTemplateSource("index.ftl"): Found
2021-06-29 21:03:25,664 DEBUG [TestNG-tests-1] cache:45 - Loading template for "index.ftl"("en", UTF-8, parsed) from "jar:file:/C:/Users/INFOSYS/.m2/repository/com/aventstack/extentreports/3.1.5/extentreports-3.1.5.jar!/com/aventstack/extentreports/view/html-report/index.ftl"
2021-06-29 21:03:26,336 DEBUG [TestNG-tests-1] cache:45 - Couldn't find template in cache for "head.ftl"("en", UTF-8, parsed); will try to load it.
2021-06-29 21:03:26,337 DEBUG [TestNG-tests-1] cache:45 - TemplateLoader.findTemplateSource("head_en.ftl"): Not found
2021-06-29 21:03:26,337 DEBUG [TestNG-tests-1] cache:45 - TemplateLoader.findTemplateSource("head.ftl"): Found
2021-06-29 21:03:26,338 DEBUG [TestNG-tests-1] cache:45 - Loading template for "head.ftl"("en", UTF-8, parsed) from "jar:file:/C:/Users/INFOSYS/.m2/repository/com/aventstack/extentreports/3.1.5/extentreports-3.1.5.jar!/com/aventstack/extentreports/view/html-report/head.ftl"
2021-06-29 21:03:26,344 DEBUG [TestNG-tests-1] cache:45 - Couldn't find template in cache for "nav.ftl"("en", UTF-8, parsed); will try to load it.
2021-06-29 21:03:26,345 DEBUG [TestNG-tests-1] cache:45 - TemplateLoader.findTemplateSource("nav_en.ftl"): Not found
2021-06-29 21:03:26,346 DEBUG [TestNG-tests-1] cache:45 - TemplateLoader.findTemplateSource("nav.ftl"): Found
2021-06-29 21:03:26,347 DEBUG [TestNG-tests-1] cache:45 - Loading template for "nav.ftl"("en", UTF-8, parsed) from "jar:file:/C:/Users/INFOSYS/.m2/repository/com/aventstack/extentreports/3.1.5/extentreports-3.1.5.jar!/com/aventstack/extentreports/view/html-report/nav.ftl"
2021-06-29 21:03:26,363 DEBUG [TestNG-tests-1] cache:45 - Couldn't find template in cache for "test-view/test-view.ftl"("en", UTF-8, parsed); will try to load it.
2021-06-29 21:03:26,364 DEBUG [TestNG-tests-1] cache:45 - TemplateLoader.findTemplateSource("test-view/test-view_en.ftl"): Not found
2021-06-29 21:03:26,367 DEBUG [TestNG-tests-1] cache:45 - TemplateLoader.findTemplateSource("test-view/test-view.ftl"): Found
2021-06-29 21:03:26,368 DEBUG [TestNG-tests-1] cache:45 - Loading template for "test-view/test-view.ftl"("en", UTF-8, parsed) from "jar:file:/C:/Users/INFOSYS/.m2/repository/com/aventstack/extentreports/3.1.5/extentreports-3.1.5.jar!/com/aventstack/extentreports/view/html-report/test-view/test-view.ftl"
2021-06-29 21:03:26,438 DEBUG [TestNG-tests-1] cache:45 - Couldn't find template in cache for "test-view/standard.ftl"("en", UTF-8, parsed); will try to load it.
2021-06-29 21:03:26,439 DEBUG [TestNG-tests-1] cache:45 - TemplateLoader.findTemplateSource("test-view/standard_en.ftl"): Not found
2021-06-29 21:03:26,440 DEBUG [TestNG-tests-1] cache:45 - TemplateLoader.findTemplateSource("test-view/standard.ftl"): Found
2021-06-29 21:03:26,441 DEBUG [TestNG-tests-1] cache:45 - Loading template for "test-view/standard.ftl"("en", UTF-8, parsed) from "jar:file:/C:/Users/INFOSYS/.m2/repository/com/aventstack/extentreports/3.1.5/extentreports-3.1.5.jar!/com/aventstack/extentreports/view/html-report/test-view/standard.ftl"
2021-06-29 21:03:26,475 DEBUG [TestNG-tests-1] cache:45 - "test-view/standard.ftl"("en", UTF-8, parsed) cached copy not yet stale; using cached.
2021-06-29 21:03:26,478 DEBUG [TestNG-tests-1] cache:45 - "test-view/standard.ftl"("en", UTF-8, parsed) cached copy not yet stale; using cached.
2021-06-29 21:03:26,483 DEBUG [TestNG-tests-1] cache:45 - "test-view/standard.ftl"("en", UTF-8, parsed) cached copy not yet stale; using cached.
2021-06-29 21:03:26,486 DEBUG [TestNG-tests-1] cache:45 - "test-view/standard.ftl"("en", UTF-8, parsed) cached copy not yet stale; using cached.
2021-06-29 21:03:26,489 DEBUG [TestNG-tests-1] cache:45 - Couldn't find template in cache for "test-view/test-view-charts.ftl"("en", UTF-8, parsed); will try to load it.
2021-06-29 21:03:26,491 DEBUG [TestNG-tests-1] cache:45 - TemplateLoader.findTemplateSource("test-view/test-view-charts_en.ftl"): Not found
2021-06-29 21:03:26,493 DEBUG [TestNG-tests-1] cache:45 - TemplateLoader.findTemplateSource("test-view/test-view-charts.ftl"): Found
2021-06-29 21:03:26,494 DEBUG [TestNG-tests-1] cache:45 - Loading template for "test-view/test-view-charts.ftl"("en", UTF-8, parsed) from "jar:file:/C:/Users/INFOSYS/.m2/repository/com/aventstack/extentreports/3.1.5/extentreports-3.1.5.jar!/com/aventstack/extentreports/view/html-report/test-view/test-view-charts.ftl"
2021-06-29 21:03:26,511 DEBUG [TestNG-tests-1] cache:45 - Couldn't find template in cache for "category-view/category-view.ftl"("en", UTF-8, parsed); will try to load it.
2021-06-29 21:03:26,512 DEBUG [TestNG-tests-1] cache:45 - TemplateLoader.findTemplateSource("category-view/category-view_en.ftl"): Not found
2021-06-29 21:03:26,513 DEBUG [TestNG-tests-1] cache:45 - TemplateLoader.findTemplateSource("category-view/category-view.ftl"): Found
2021-06-29 21:03:26,513 DEBUG [TestNG-tests-1] cache:45 - Loading template for "category-view/category-view.ftl"("en", UTF-8, parsed) from "jar:file:/C:/Users/INFOSYS/.m2/repository/com/aventstack/extentreports/3.1.5/extentreports-3.1.5.jar!/com/aventstack/extentreports/view/html-report/category-view/category-view.ftl"
2021-06-29 21:03:26,521 DEBUG [TestNG-tests-1] cache:45 - Couldn't find template in cache for "author-view/author-view.ftl"("en", UTF-8, parsed); will try to load it.
2021-06-29 21:03:26,524 DEBUG [TestNG-tests-1] cache:45 - TemplateLoader.findTemplateSource("author-view/author-view_en.ftl"): Not found
2021-06-29 21:03:26,526 DEBUG [TestNG-tests-1] cache:45 - TemplateLoader.findTemplateSource("author-view/author-view.ftl"): Found
2021-06-29 21:03:26,526 DEBUG [TestNG-tests-1] cache:45 - Loading template for "author-view/author-view.ftl"("en", UTF-8, parsed) from "jar:file:/C:/Users/INFOSYS/.m2/repository/com/aventstack/extentreports/3.1.5/extentreports-3.1.5.jar!/com/aventstack/extentreports/view/html-report/author-view/author-view.ftl"
2021-06-29 21:03:26,576 DEBUG [TestNG-tests-1] cache:45 - Couldn't find template in cache for "exception-view/exception-view.ftl"("en", UTF-8, parsed); will try to load it.
2021-06-29 21:03:26,578 DEBUG [TestNG-tests-1] cache:45 - TemplateLoader.findTemplateSource("exception-view/exception-view_en.ftl"): Not found
2021-06-29 21:03:26,580 DEBUG [TestNG-tests-1] cache:45 - TemplateLoader.findTemplateSource("exception-view/exception-view.ftl"): Found
2021-06-29 21:03:26,581 DEBUG [TestNG-tests-1] cache:45 - Loading template for "exception-view/exception-view.ftl"("en", UTF-8, parsed) from "jar:file:/C:/Users/INFOSYS/.m2/repository/com/aventstack/extentreports/3.1.5/extentreports-3.1.5.jar!/com/aventstack/extentreports/view/html-report/exception-view/exception-view.ftl"
2021-06-29 21:03:26,599 DEBUG [TestNG-tests-1] cache:45 - Couldn't find template in cache for "dashboard-view/dashboard-view.ftl"("en", UTF-8, parsed); will try to load it.
2021-06-29 21:03:26,599 DEBUG [TestNG-tests-1] cache:45 - TemplateLoader.findTemplateSource("dashboard-view/dashboard-view_en.ftl"): Not found
2021-06-29 21:03:26,599 DEBUG [TestNG-tests-1] cache:45 - TemplateLoader.findTemplateSource("dashboard-view/dashboard-view.ftl"): Found
2021-06-29 21:03:26,599 DEBUG [TestNG-tests-1] cache:45 - Loading template for "dashboard-view/dashboard-view.ftl"("en", UTF-8, parsed) from "jar:file:/C:/Users/INFOSYS/.m2/repository/com/aventstack/extentreports/3.1.5/extentreports-3.1.5.jar!/com/aventstack/extentreports/view/html-report/dashboard-view/dashboard-view.ftl"
2021-06-29 21:03:26,665 DEBUG [TestNG-tests-1] cache:45 - Couldn't find template in cache for "logs-view/testrunner-logs-view.ftl"("en", UTF-8, parsed); will try to load it.
2021-06-29 21:03:26,671 DEBUG [TestNG-tests-1] cache:45 - TemplateLoader.findTemplateSource("logs-view/testrunner-logs-view_en.ftl"): Not found
2021-06-29 21:03:26,672 DEBUG [TestNG-tests-1] cache:45 - TemplateLoader.findTemplateSource("logs-view/testrunner-logs-view.ftl"): Found
2021-06-29 21:03:26,673 DEBUG [TestNG-tests-1] cache:45 - Loading template for "logs-view/testrunner-logs-view.ftl"("en", UTF-8, parsed) from "jar:file:/C:/Users/INFOSYS/.m2/repository/com/aventstack/extentreports/3.1.5/extentreports-3.1.5.jar!/com/aventstack/extentreports/view/html-report/logs-view/testrunner-logs-view.ftl"
